ERROR - 2023-06-28 14:29:40 --> Error connecting to the database: mysqli_sql_exception: Access denied for user ''@'localhost' (using password: NO) in C:\xampp\htdocs\UAS1\ci4\system\Database\MySQLi\Connection.php:174
Stack trace:
#0 C:\xampp\htdocs\UAS1\ci4\system\Database\MySQLi\Connection.php(174): mysqli->real_connect('localhost', '', '', 'rental_mobil', NULL, '', 0)
#1 C:\xampp\htdocs\UAS1\ci4\system\Database\BaseConnection.php(391): CodeIgniter\Database\MySQLi\Connection->connect(false)
#2 C:\xampp\htdocs\UAS1\ci4\system\Database\BaseConnection.php(574): CodeIgniter\Database\BaseConnection->initialize()
#3 C:\xampp\htdocs\UAS1\ci4\system\Database\BaseBuilder.php(1616): CodeIgniter\Database\BaseConnection->query('SELECT *\nFROM `...', Array, false)
#4 C:\xampp\htdocs\UAS1\ci4\system\Model.php(241): CodeIgniter\Database\BaseBuilder->get()
#5 C:\xampp\htdocs\UAS1\ci4\system\BaseModel.php(618): CodeIgniter\Model->doFindAll(0, 0)
#6 C:\xampp\htdocs\UAS1\ci4\app\Controllers\TransaksiController.php(12): CodeIgniter\BaseModel->findAll()
#7 C:\xampp\htdocs\UAS1\ci4\system\CodeIgniter.php(934): App\Controllers\TransaksiController->index()
#8 C:\xampp\htdocs\UAS1\ci4\system\CodeIgniter.php(499): CodeIgniter\CodeIgniter->runController(Object(App\Controllers\TransaksiController))
#9 C:\xampp\htdocs\UAS1\ci4\system\CodeIgniter.php(368): CodeIgniter\CodeIgniter->handleRequest(NULL, Object(Config\Cache), false)
#10 C:\xampp\htdocs\UAS1\ci4\public\index.php(67): CodeIgniter\CodeIgniter->run()
#11 C:\xampp\htdocs\UAS1\ci4\system\Commands\Server\rewrite.php(47): require_once('C:\\xampp\\htdocs...')
#12 {main}

Next CodeIgniter\Database\Exceptions\DatabaseException: Access denied for user ''@'localhost' (using password: NO) in C:\xampp\htdocs\UAS1\ci4\system\Database\MySQLi\Connection.php:218
Stack trace:
#0 C:\xampp\htdocs\UAS1\ci4\system\Database\BaseConnection.php(391): CodeIgniter\Database\MySQLi\Connection->connect(false)
#1 C:\xampp\htdocs\UAS1\ci4\system\Database\BaseConnection.php(574): CodeIgniter\Database\BaseConnection->initialize()
#2 C:\xampp\htdocs\UAS1\ci4\system\Database\BaseBuilder.php(1616): CodeIgniter\Database\BaseConnection->query('SELECT *\nFROM `...', Array, false)
#3 C:\xampp\htdocs\UAS1\ci4\system\Model.php(241): CodeIgniter\Database\BaseBuilder->get()
#4 C:\xampp\htdocs\UAS1\ci4\system\BaseModel.php(618): CodeIgniter\Model->doFindAll(0, 0)
#5 C:\xampp\htdocs\UAS1\ci4\app\Controllers\TransaksiController.php(12): CodeIgniter\BaseModel->findAll()
#6 C:\xampp\htdocs\UAS1\ci4\system\CodeIgniter.php(934): App\Controllers\TransaksiController->index()
#7 C:\xampp\htdocs\UAS1\ci4\system\CodeIgniter.php(499): CodeIgniter\CodeIgniter->runController(Object(App\Controllers\TransaksiController))
#8 C:\xampp\htdocs\UAS1\ci4\system\CodeIgniter.php(368): CodeIgniter\CodeIgniter->handleRequest(NULL, Object(Config\Cache), false)
#9 C:\xampp\htdocs\UAS1\ci4\public\index.php(67): CodeIgniter\CodeIgniter->run()
#10 C:\xampp\htdocs\UAS1\ci4\system\Commands\Server\rewrite.php(47): require_once('C:\\xampp\\htdocs...')
#11 {main}
CRITICAL - 2023-06-28 14:29:40 --> Unable to connect to the database.
Main connection [MySQLi]: Access denied for user ''@'localhost' (using password: NO)
in SYSTEMPATH\Database\BaseConnection.php on line 427.
 1 SYSTEMPATH\Database\BaseConnection.php(574): CodeIgniter\Database\BaseConnection->initialize()
 2 SYSTEMPATH\Database\BaseBuilder.php(1616): CodeIgniter\Database\BaseConnection->query('SELECT *
FROM `transaksi`', [], false)
 3 SYSTEMPATH\Model.php(241): CodeIgniter\Database\BaseBuilder->get()
 4 SYSTEMPATH\BaseModel.php(618): CodeIgniter\Model->doFindAll(0, 0)
 5 APPPATH\Controllers\TransaksiController.php(12): CodeIgniter\BaseModel->findAll()
 6 SYSTEMPATH\CodeIgniter.php(934): App\Controllers\TransaksiController->index()
 7 SYSTEMPATH\CodeIgniter.php(499): CodeIgniter\CodeIgniter->runController(Object(App\Controllers\TransaksiController))
 8 SYSTEMPATH\CodeIgniter.php(368): CodeIgniter\CodeIgniter->handleRequest(null, Object(Config\Cache), false)
 9 FCPATH\index.php(67): CodeIgniter\CodeIgniter->run()
10 SYSTEMPATH\Commands\Server\rewrite.php(47): require_once('C:\\xampp\\htdocs\\UAS1\\ci4\\public\\index.php')
ERROR - 2023-06-28 14:34:06 --> Error connecting to the database: mysqli_sql_exception: Access denied for user ''@'localhost' (using password: NO) in C:\xampp\htdocs\UAS1\ci4\system\Database\MySQLi\Connection.php:174
Stack trace:
#0 C:\xampp\htdocs\UAS1\ci4\system\Database\MySQLi\Connection.php(174): mysqli->real_connect('localhost', '', '', 'rental_mobil', NULL, '', 0)
#1 C:\xampp\htdocs\UAS1\ci4\system\Database\BaseConnection.php(391): CodeIgniter\Database\MySQLi\Connection->connect(false)
#2 C:\xampp\htdocs\UAS1\ci4\system\Database\BaseConnection.php(574): CodeIgniter\Database\BaseConnection->initialize()
#3 C:\xampp\htdocs\UAS1\ci4\system\Database\BaseBuilder.php(1616): CodeIgniter\Database\BaseConnection->query('SELECT *\nFROM `...', Array, false)
#4 C:\xampp\htdocs\UAS1\ci4\system\Model.php(241): CodeIgniter\Database\BaseBuilder->get()
#5 C:\xampp\htdocs\UAS1\ci4\system\BaseModel.php(618): CodeIgniter\Model->doFindAll(0, 0)
#6 C:\xampp\htdocs\UAS1\ci4\app\Controllers\KendaraanController.php(12): CodeIgniter\BaseModel->findAll()
#7 C:\xampp\htdocs\UAS1\ci4\system\CodeIgniter.php(934): App\Controllers\KendaraanController->index()
#8 C:\xampp\htdocs\UAS1\ci4\system\CodeIgniter.php(499): CodeIgniter\CodeIgniter->runController(Object(App\Controllers\KendaraanController))
#9 C:\xampp\htdocs\UAS1\ci4\system\CodeIgniter.php(368): CodeIgniter\CodeIgniter->handleRequest(NULL, Object(Config\Cache), false)
#10 C:\xampp\htdocs\UAS1\ci4\public\index.php(67): CodeIgniter\CodeIgniter->run()
#11 C:\xampp\htdocs\UAS1\ci4\system\Commands\Server\rewrite.php(47): require_once('C:\\xampp\\htdocs...')
#12 {main}

Next CodeIgniter\Database\Exceptions\DatabaseException: Access denied for user ''@'localhost' (using password: NO) in C:\xampp\htdocs\UAS1\ci4\system\Database\MySQLi\Connection.php:218
Stack trace:
#0 C:\xampp\htdocs\UAS1\ci4\system\Database\BaseConnection.php(391): CodeIgniter\Database\MySQLi\Connection->connect(false)
#1 C:\xampp\htdocs\UAS1\ci4\system\Database\BaseConnection.php(574): CodeIgniter\Database\BaseConnection->initialize()
#2 C:\xampp\htdocs\UAS1\ci4\system\Database\BaseBuilder.php(1616): CodeIgniter\Database\BaseConnection->query('SELECT *\nFROM `...', Array, false)
#3 C:\xampp\htdocs\UAS1\ci4\system\Model.php(241): CodeIgniter\Database\BaseBuilder->get()
#4 C:\xampp\htdocs\UAS1\ci4\system\BaseModel.php(618): CodeIgniter\Model->doFindAll(0, 0)
#5 C:\xampp\htdocs\UAS1\ci4\app\Controllers\KendaraanController.php(12): CodeIgniter\BaseModel->findAll()
#6 C:\xampp\htdocs\UAS1\ci4\system\CodeIgniter.php(934): App\Controllers\KendaraanController->index()
#7 C:\xampp\htdocs\UAS1\ci4\system\CodeIgniter.php(499): CodeIgniter\CodeIgniter->runController(Object(App\Controllers\KendaraanController))
#8 C:\xampp\htdocs\UAS1\ci4\system\CodeIgniter.php(368): CodeIgniter\CodeIgniter->handleRequest(NULL, Object(Config\Cache), false)
#9 C:\xampp\htdocs\UAS1\ci4\public\index.php(67): CodeIgniter\CodeIgniter->run()
#10 C:\xampp\htdocs\UAS1\ci4\system\Commands\Server\rewrite.php(47): require_once('C:\\xampp\\htdocs...')
#11 {main}
CRITICAL - 2023-06-28 14:34:06 --> Unable to connect to the database.
Main connection [MySQLi]: Access denied for user ''@'localhost' (using password: NO)
in SYSTEMPATH\Database\BaseConnection.php on line 427.
 1 SYSTEMPATH\Database\BaseConnection.php(574): CodeIgniter\Database\BaseConnection->initialize()
 2 SYSTEMPATH\Database\BaseBuilder.php(1616): CodeIgniter\Database\BaseConnection->query('SELECT *
FROM `Kendaraan`', [], false)
 3 SYSTEMPATH\Model.php(241): CodeIgniter\Database\BaseBuilder->get()
 4 SYSTEMPATH\BaseModel.php(618): CodeIgniter\Model->doFindAll(0, 0)
 5 APPPATH\Controllers\KendaraanController.php(12): CodeIgniter\BaseModel->findAll()
 6 SYSTEMPATH\CodeIgniter.php(934): App\Controllers\KendaraanController->index()
 7 SYSTEMPATH\CodeIgniter.php(499): CodeIgniter\CodeIgniter->runController(Object(App\Controllers\KendaraanController))
 8 SYSTEMPATH\CodeIgniter.php(368): CodeIgniter\CodeIgniter->handleRequest(null, Object(Config\Cache), false)
 9 FCPATH\index.php(67): CodeIgniter\CodeIgniter->run()
10 SYSTEMPATH\Commands\Server\rewrite.php(47): require_once('C:\\xampp\\htdocs\\UAS1\\ci4\\public\\index.php')
CRITICAL - 2023-06-28 14:37:22 --> Undefined index: Nama
in APPPATH\Views\kendaraan\index.php on line 21.
 1 APPPATH\Views\kendaraan\index.php(21): CodeIgniter\Debug\Exceptions->errorHandler(8, 'Undefined index: Nama', 'C:\\xampp\\htdocs\\UAS1\\ci4\\app\\Views\\kendaraan\\index.php', 21, [...])
 2 SYSTEMPATH\View\View.php(213): include('C:\\xampp\\htdocs\\UAS1\\ci4\\app\\Views\\kendaraan\\index.php')
 3 SYSTEMPATH\View\View.php(216): CodeIgniter\View\View->CodeIgniter\View\{closure}()
 4 SYSTEMPATH\Common.php(1184): CodeIgniter\View\View->render('kendaraan/index', [], true)
 5 APPPATH\Controllers\KendaraanController.php(14): view('kendaraan/index', [...])
 6 SYSTEMPATH\CodeIgniter.php(934): App\Controllers\KendaraanController->index()
 7 SYSTEMPATH\CodeIgniter.php(499): CodeIgniter\CodeIgniter->runController(Object(App\Controllers\KendaraanController))
 8 SYSTEMPATH\CodeIgniter.php(368): CodeIgniter\CodeIgniter->handleRequest(null, Object(Config\Cache), false)
 9 FCPATH\index.php(67): CodeIgniter\CodeIgniter->run()
10 SYSTEMPATH\Commands\Server\rewrite.php(47): require_once('C:\\xampp\\htdocs\\UAS1\\ci4\\public\\index.php')
CRITICAL - 2023-06-28 14:43:00 --> Undefined index: Merk
in APPPATH\Views\kendaraan\index.php on line 21.
 1 APPPATH\Views\kendaraan\index.php(21): CodeIgniter\Debug\Exceptions->errorHandler(8, 'Undefined index: Merk', 'C:\\xampp\\htdocs\\UAS1\\ci4\\app\\Views\\kendaraan\\index.php', 21, [...])
 2 SYSTEMPATH\View\View.php(213): include('C:\\xampp\\htdocs\\UAS1\\ci4\\app\\Views\\kendaraan\\index.php')
 3 SYSTEMPATH\View\View.php(216): CodeIgniter\View\View->CodeIgniter\View\{closure}()
 4 SYSTEMPATH\Common.php(1184): CodeIgniter\View\View->render('kendaraan/index', [], true)
 5 APPPATH\Controllers\KendaraanController.php(14): view('kendaraan/index', [...])
 6 SYSTEMPATH\CodeIgniter.php(934): App\Controllers\KendaraanController->index()
 7 SYSTEMPATH\CodeIgniter.php(499): CodeIgniter\CodeIgniter->runController(Object(App\Controllers\KendaraanController))
 8 SYSTEMPATH\CodeIgniter.php(368): CodeIgniter\CodeIgniter->handleRequest(null, Object(Config\Cache), false)
 9 FCPATH\index.php(67): CodeIgniter\CodeIgniter->run()
10 SYSTEMPATH\Commands\Server\rewrite.php(47): require_once('C:\\xampp\\htdocs\\UAS1\\ci4\\public\\index.php')
CRITICAL - 2023-06-28 14:43:44 --> Undefined index: KendaraanID
in APPPATH\Views\kendaraan\index.php on line 27.
 1 APPPATH\Views\kendaraan\index.php(27): CodeIgniter\Debug\Exceptions->errorHandler(8, 'Undefined index: KendaraanID', 'C:\\xampp\\htdocs\\UAS1\\ci4\\app\\Views\\kendaraan\\index.php', 27, [...])
 2 SYSTEMPATH\View\View.php(213): include('C:\\xampp\\htdocs\\UAS1\\ci4\\app\\Views\\kendaraan\\index.php')
 3 SYSTEMPATH\View\View.php(216): CodeIgniter\View\View->CodeIgniter\View\{closure}()
 4 SYSTEMPATH\Common.php(1184): CodeIgniter\View\View->render('kendaraan/index', [], true)
 5 APPPATH\Controllers\KendaraanController.php(14): view('kendaraan/index', [...])
 6 SYSTEMPATH\CodeIgniter.php(934): App\Controllers\KendaraanController->index()
 7 SYSTEMPATH\CodeIgniter.php(499): CodeIgniter\CodeIgniter->runController(Object(App\Controllers\KendaraanController))
 8 SYSTEMPATH\CodeIgniter.php(368): CodeIgniter\CodeIgniter->handleRequest(null, Object(Config\Cache), false)
 9 FCPATH\index.php(67): CodeIgniter\CodeIgniter->run()
10 SYSTEMPATH\Commands\Server\rewrite.php(47): require_once('C:\\xampp\\htdocs\\UAS1\\ci4\\public\\index.php')
